[ 2019-11-04T08:38:35+08:00 ] 127.0.0.1 /index.php/Home/Index/index
INFO: [ app_init ] --START--
INFO: Run Behavior\BuildLiteBehavior [ RunTime:0.000736s ]
INFO: [ app_init ] --END-- [ RunTime:0.004054s ]
INFO: [ app_begin ] --START--
INFO: Run Behavior\ReadHtmlCacheBehavior [ RunTime:0.002440s ]
INFO: [ app_begin ] --END-- [ RunTime:0.005178s ]
NOTIC: [8] Undefined index: role D:\MyProject\XX_FamilyNurse\Application\Home\Controller\IndexController.class.php 第 6 行.
INFO: [ view_parse ] --START--
INFO: [ template_filter ] --START--
INFO: Run Behavior\ContentReplaceBehavior [ RunTime:0.000807s ]
INFO: [ template_filter ] --END-- [ RunTime:0.002568s ]
NOTIC: [8] Undefined variable: user D:\MyProject\XX_FamilyNurse\Application\Runtime\Cache\Home\2a94b8bda04ff446dcedd42276fc99ee.php 第 124 行.
NOTIC: [8] Undefined variable: user D:\MyProject\XX_FamilyNurse\Application\Runtime\Cache\Home\2a94b8bda04ff446dcedd42276fc99ee.php 第 141 行.
NOTIC: [8] Undefined variable: user D:\MyProject\XX_FamilyNurse\Application\Runtime\Cache\Home\2a94b8bda04ff446dcedd42276fc99ee.php 第 161 行.
NOTIC: [8] Undefined variable: user D:\MyProject\XX_FamilyNurse\Application\Runtime\Cache\Home\2a94b8bda04ff446dcedd42276fc99ee.php 第 184 行.
NOTIC: [8] Undefined variable: user D:\MyProject\XX_FamilyNurse\Application\Runtime\Cache\Home\2a94b8bda04ff446dcedd42276fc99ee.php 第 185 行.
NOTIC: [8] Undefined variable: user D:\MyProject\XX_FamilyNurse\Application\Runtime\Cache\Home\2a94b8bda04ff446dcedd42276fc99ee.php 第 189 行.
NOTIC: [8] Undefined variable: user D:\MyProject\XX_FamilyNurse\Application\Runtime\Cache\Home\2a94b8bda04ff446dcedd42276fc99ee.php 第 190 行.
INFO: Run Behavior\ParseTemplateBehavior [ RunTime:0.115935s ]
INFO: [ view_parse ] --END-- [ RunTime:0.118083s ]
INFO: [ view_filter ] --START--
INFO: Run Behavior\WriteHtmlCacheBehavior [ RunTime:0.001779s ]
INFO: [ view_filter ] --END-- [ RunTime:0.003482s ]
INFO: [ app_end ] --START--
INFO: Run Behavior\ShowPageTraceBehavior [ RunTime:0.004376s ]
INFO: [ app_end ] --END-- [ RunTime:0.006954s ]

[ 2019-11-04T08:38:45+08:00 ] 127.0.0.1 /index.php/Home/Index/contentShow.html?id=100%
INFO: [ app_init ] --START--
INFO: Run Behavior\BuildLiteBehavior [ RunTime:0.000193s ]
INFO: [ app_init ] --END-- [ RunTime:0.002161s ]
INFO: [ app_begin ] --START--
INFO: Run Behavior\ReadHtmlCacheBehavior [ RunTime:0.001488s ]
INFO: [ app_begin ] --END-- [ RunTime:0.002797s ]
ERR: 非法操作:contentShow

[ 2019-11-04T08:39:50+08:00 ] 127.0.0.1 /index.php/Home/Index/index
INFO: [ app_init ] --START--
INFO: Run Behavior\BuildLiteBehavior [ RunTime:0.000472s ]
INFO: [ app_init ] --END-- [ RunTime:0.003340s ]
INFO: [ app_begin ] --START--
INFO: Run Behavior\ReadHtmlCacheBehavior [ RunTime:0.002165s ]
INFO: [ app_begin ] --END-- [ RunTime:0.004212s ]
NOTIC: [8] Undefined index: role D:\MyProject\XX_FamilyNurse\Application\Home\Controller\IndexController.class.php 第 6 行.
INFO: [ view_parse ] --START--
INFO: [ template_filter ] --START--
INFO: Run Behavior\ContentReplaceBehavior [ RunTime:0.000669s ]
INFO: [ template_filter ] --END-- [ RunTime:0.002080s ]
NOTIC: [8] Undefined variable: user D:\MyProject\XX_FamilyNurse\Application\Runtime\Cache\Home\2a94b8bda04ff446dcedd42276fc99ee.php 第 124 行.
NOTIC: [8] Undefined variable: user D:\MyProject\XX_FamilyNurse\Application\Runtime\Cache\Home\2a94b8bda04ff446dcedd42276fc99ee.php 第 141 行.
NOTIC: [8] Undefined variable: user D:\MyProject\XX_FamilyNurse\Application\Runtime\Cache\Home\2a94b8bda04ff446dcedd42276fc99ee.php 第 161 行.
NOTIC: [8] Undefined variable: user D:\MyProject\XX_FamilyNurse\Application\Runtime\Cache\Home\2a94b8bda04ff446dcedd42276fc99ee.php 第 184 行.
NOTIC: [8] Undefined variable: user D:\MyProject\XX_FamilyNurse\Application\Runtime\Cache\Home\2a94b8bda04ff446dcedd42276fc99ee.php 第 185 行.
NOTIC: [8] Undefined variable: user D:\MyProject\XX_FamilyNurse\Application\Runtime\Cache\Home\2a94b8bda04ff446dcedd42276fc99ee.php 第 189 行.
NOTIC: [8] Undefined variable: user D:\MyProject\XX_FamilyNurse\Application\Runtime\Cache\Home\2a94b8bda04ff446dcedd42276fc99ee.php 第 190 行.
INFO: Run Behavior\ParseTemplateBehavior [ RunTime:0.101629s ]
INFO: [ view_parse ] --END-- [ RunTime:0.103442s ]
INFO: [ view_filter ] --START--
INFO: Run Behavior\WriteHtmlCacheBehavior [ RunTime:0.001161s ]
INFO: [ view_filter ] --END-- [ RunTime:0.002591s ]
INFO: [ app_end ] --START--
INFO: Run Behavior\ShowPageTraceBehavior [ RunTime:0.001721s ]
INFO: [ app_end ] --END-- [ RunTime:0.003390s ]

[ 2019-11-04T08:40:18+08:00 ] 127.0.0.1 /index.php/Home/Index/index
INFO: [ app_init ] --START--
INFO: Run Behavior\BuildLiteBehavior [ RunTime:0.000512s ]
INFO: [ app_init ] --END-- [ RunTime:0.004187s ]
INFO: [ app_begin ] --START--
INFO: Run Behavior\ReadHtmlCacheBehavior [ RunTime:0.002306s ]
INFO: [ app_begin ] --END-- [ RunTime:0.005278s ]
NOTIC: [8] Undefined index: role D:\MyProject\XX_FamilyNurse\Application\Home\Controller\IndexController.class.php 第 6 行.
INFO: [ view_parse ] --START--
INFO: [ template_filter ] --START--
INFO: Run Behavior\ContentReplaceBehavior [ RunTime:0.001132s ]
INFO: [ template_filter ] --END-- [ RunTime:0.004061s ]
NOTIC: [8] Undefined variable: user D:\MyProject\XX_FamilyNurse\Application\Runtime\Cache\Home\2a94b8bda04ff446dcedd42276fc99ee.php 第 124 行.
NOTIC: [8] Undefined variable: user D:\MyProject\XX_FamilyNurse\Application\Runtime\Cache\Home\2a94b8bda04ff446dcedd42276fc99ee.php 第 141 行.
NOTIC: [8] Undefined variable: user D:\MyProject\XX_FamilyNurse\Application\Runtime\Cache\Home\2a94b8bda04ff446dcedd42276fc99ee.php 第 161 行.
NOTIC: [8] Undefined variable: user D:\MyProject\XX_FamilyNurse\Application\Runtime\Cache\Home\2a94b8bda04ff446dcedd42276fc99ee.php 第 184 行.
NOTIC: [8] Undefined variable: user D:\MyProject\XX_FamilyNurse\Application\Runtime\Cache\Home\2a94b8bda04ff446dcedd42276fc99ee.php 第 185 行.
NOTIC: [8] Undefined variable: user D:\MyProject\XX_FamilyNurse\Application\Runtime\Cache\Home\2a94b8bda04ff446dcedd42276fc99ee.php 第 189 行.
NOTIC: [8] Undefined variable: user D:\MyProject\XX_FamilyNurse\Application\Runtime\Cache\Home\2a94b8bda04ff446dcedd42276fc99ee.php 第 190 行.
INFO: Run Behavior\ParseTemplateBehavior [ RunTime:0.137038s ]
INFO: [ view_parse ] --END-- [ RunTime:0.140112s ]
INFO: [ view_filter ] --START--
INFO: Run Behavior\WriteHtmlCacheBehavior [ RunTime:0.002002s ]
INFO: [ view_filter ] --END-- [ RunTime:0.004283s ]
INFO: [ app_end ] --START--
INFO: Run Behavior\ShowPageTraceBehavior [ RunTime:0.002555s ]
INFO: [ app_end ] --END-- [ RunTime:0.004725s ]

[ 2019-11-04T08:40:20+08:00 ] 127.0.0.1 /index.php/Home/Index/index
INFO: [ app_init ] --START--
INFO: Run Behavior\BuildLiteBehavior [ RunTime:0.000808s ]
INFO: [ app_init ] --END-- [ RunTime:0.007480s ]
INFO: [ app_begin ] --START--
INFO: Run Behavior\ReadHtmlCacheBehavior [ RunTime:0.003580s ]
INFO: [ app_begin ] --END-- [ RunTime:0.008256s ]
NOTIC: [8] Undefined index: role D:\MyProject\XX_FamilyNurse\Application\Home\Controller\IndexController.class.php 第 6 行.
INFO: [ view_parse ] --START--
INFO: [ template_filter ] --START--
INFO: Run Behavior\ContentReplaceBehavior [ RunTime:0.001640s ]
INFO: [ template_filter ] --END-- [ RunTime:0.005405s ]
NOTIC: [8] Undefined variable: user D:\MyProject\XX_FamilyNurse\Application\Runtime\Cache\Home\2a94b8bda04ff446dcedd42276fc99ee.php 第 124 行.
NOTIC: [8] Undefined variable: user D:\MyProject\XX_FamilyNurse\Application\Runtime\Cache\Home\2a94b8bda04ff446dcedd42276fc99ee.php 第 141 行.
NOTIC: [8] Undefined variable: user D:\MyProject\XX_FamilyNurse\Application\Runtime\Cache\Home\2a94b8bda04ff446dcedd42276fc99ee.php 第 161 行.
NOTIC: [8] Undefined variable: user D:\MyProject\XX_FamilyNurse\Application\Runtime\Cache\Home\2a94b8bda04ff446dcedd42276fc99ee.php 第 184 行.
NOTIC: [8] Undefined variable: user D:\MyProject\XX_FamilyNurse\Application\Runtime\Cache\Home\2a94b8bda04ff446dcedd42276fc99ee.php 第 185 行.
NOTIC: [8] Undefined variable: user D:\MyProject\XX_FamilyNurse\Application\Runtime\Cache\Home\2a94b8bda04ff446dcedd42276fc99ee.php 第 189 行.
NOTIC: [8] Undefined variable: user D:\MyProject\XX_FamilyNurse\Application\Runtime\Cache\Home\2a94b8bda04ff446dcedd42276fc99ee.php 第 190 行.
INFO: Run Behavior\ParseTemplateBehavior [ RunTime:0.211118s ]
INFO: [ view_parse ] --END-- [ RunTime:0.215516s ]
INFO: [ view_filter ] --START--
INFO: Run Behavior\WriteHtmlCacheBehavior [ RunTime:0.004883s ]
INFO: [ view_filter ] --END-- [ RunTime:0.008609s ]
INFO: [ app_end ] --START--
INFO: Run Behavior\ShowPageTraceBehavior [ RunTime:0.004439s ]
INFO: [ app_end ] --END-- [ RunTime:0.007734s ]

[ 2019-11-04T08:41:14+08:00 ] 127.0.0.1 /index.php/Home/Index/index
INFO: [ app_init ] --START--
INFO: Run Behavior\BuildLiteBehavior [ RunTime:0.000386s ]
INFO: [ app_init ] --END-- [ RunTime:0.003239s ]
INFO: [ app_begin ] --START--
INFO: Run Behavior\ReadHtmlCacheBehavior [ RunTime:0.002025s ]
INFO: [ app_begin ] --END-- [ RunTime:0.004293s ]
NOTIC: [8] Undefined index: role D:\MyProject\XX_FamilyNurse\Application\Home\Controller\IndexController.class.php 第 6 行.
INFO: [ view_parse ] --START--
INFO: [ template_filter ] --START--
INFO: Run Behavior\ContentReplaceBehavior [ RunTime:0.000829s ]
INFO: [ template_filter ] --END-- [ RunTime:0.002619s ]
NOTIC: [8] Undefined variable: user D:\MyProject\XX_FamilyNurse\Application\Runtime\Cache\Home\2a94b8bda04ff446dcedd42276fc99ee.php 第 124 行.
NOTIC: [8] Undefined variable: user D:\MyProject\XX_FamilyNurse\Application\Runtime\Cache\Home\2a94b8bda04ff446dcedd42276fc99ee.php 第 141 行.
NOTIC: [8] Undefined variable: user D:\MyProject\XX_FamilyNurse\Application\Runtime\Cache\Home\2a94b8bda04ff446dcedd42276fc99ee.php 第 161 行.
NOTIC: [8] Undefined variable: user D:\MyProject\XX_FamilyNurse\Application\Runtime\Cache\Home\2a94b8bda04ff446dcedd42276fc99ee.php 第 184 行.
NOTIC: [8] Undefined variable: user D:\MyProject\XX_FamilyNurse\Application\Runtime\Cache\Home\2a94b8bda04ff446dcedd42276fc99ee.php 第 185 行.
NOTIC: [8] Undefined variable: user D:\MyProject\XX_FamilyNurse\Application\Runtime\Cache\Home\2a94b8bda04ff446dcedd42276fc99ee.php 第 189 行.
NOTIC: [8] Undefined variable: user D:\MyProject\XX_FamilyNurse\Application\Runtime\Cache\Home\2a94b8bda04ff446dcedd42276fc99ee.php 第 190 行.
INFO: Run Behavior\ParseTemplateBehavior [ RunTime:0.105018s ]
INFO: [ view_parse ] --END-- [ RunTime:0.107640s ]
INFO: [ view_filter ] --START--
INFO: Run Behavior\WriteHtmlCacheBehavior [ RunTime:0.001531s ]
INFO: [ view_filter ] --END-- [ RunTime:0.003259s ]
INFO: [ app_end ] --START--
INFO: Run Behavior\ShowPageTraceBehavior [ RunTime:0.002570s ]
INFO: [ app_end ] --END-- [ RunTime:0.004312s ]

[ 2019-11-04T08:42:01+08:00 ] 127.0.0.1 /index.php/Home/Index/index
INFO: [ app_init ] --START--
INFO: Run Behavior\BuildLiteBehavior [ RunTime:0.000511s ]
INFO: [ app_init ] --END-- [ RunTime:0.004535s ]
INFO: [ app_begin ] --START--
INFO: Run Behavior\ReadHtmlCacheBehavior [ RunTime:0.002609s ]
INFO: [ app_begin ] --END-- [ RunTime:0.004900s ]
NOTIC: [8] Undefined index: role D:\MyProject\XX_FamilyNurse\Application\Home\Controller\IndexController.class.php 第 6 行.
INFO: [ view_parse ] --START--
INFO: [ template_filter ] --START--
INFO: Run Behavior\ContentReplaceBehavior [ RunTime:0.001108s ]
INFO: [ template_filter ] --END-- [ RunTime:0.004108s ]
NOTIC: [8] Undefined variable: user D:\MyProject\XX_FamilyNurse\Application\Runtime\Cache\Home\2a94b8bda04ff446dcedd42276fc99ee.php 第 124 行.
NOTIC: [8] Undefined variable: user D:\MyProject\XX_FamilyNurse\Application\Runtime\Cache\Home\2a94b8bda04ff446dcedd42276fc99ee.php 第 141 行.
NOTIC: [8] Undefined variable: user D:\MyProject\XX_FamilyNurse\Application\Runtime\Cache\Home\2a94b8bda04ff446dcedd42276fc99ee.php 第 161 行.
NOTIC: [8] Undefined variable: user D:\MyProject\XX_FamilyNurse\Application\Runtime\Cache\Home\2a94b8bda04ff446dcedd42276fc99ee.php 第 184 行.
NOTIC: [8] Undefined variable: user D:\MyProject\XX_FamilyNurse\Application\Runtime\Cache\Home\2a94b8bda04ff446dcedd42276fc99ee.php 第 185 行.
NOTIC: [8] Undefined variable: user D:\MyProject\XX_FamilyNurse\Application\Runtime\Cache\Home\2a94b8bda04ff446dcedd42276fc99ee.php 第 189 行.
NOTIC: [8] Undefined variable: user D:\MyProject\XX_FamilyNurse\Application\Runtime\Cache\Home\2a94b8bda04ff446dcedd42276fc99ee.php 第 190 行.
INFO: Run Behavior\ParseTemplateBehavior [ RunTime:0.138245s ]
INFO: [ view_parse ] --END-- [ RunTime:0.141403s ]
INFO: [ view_filter ] --START--
INFO: Run Behavior\WriteHtmlCacheBehavior [ RunTime:0.002224s ]
INFO: [ view_filter ] --END-- [ RunTime:0.004508s ]
INFO: [ app_end ] --START--
INFO: Run Behavior\ShowPageTraceBehavior [ RunTime:0.002974s ]
INFO: [ app_end ] --END-- [ RunTime:0.005159s ]

[ 2019-11-04T08:42:36+08:00 ] 127.0.0.1 /index.php/Home/Index/index
INFO: [ app_init ] --START--
INFO: Run Behavior\BuildLiteBehavior [ RunTime:0.000776s ]
INFO: [ app_init ] --END-- [ RunTime:0.005823s ]
INFO: [ app_begin ] --START--
INFO: Run Behavior\ReadHtmlCacheBehavior [ RunTime:0.001509s ]
INFO: [ app_begin ] --END-- [ RunTime:0.002885s ]
NOTIC: [8] Undefined index: role D:\MyProject\XX_FamilyNurse\Application\Home\Controller\IndexController.class.php 第 6 行.
INFO: [ view_parse ] --START--
INFO: [ template_filter ] --START--
INFO: Run Behavior\ContentReplaceBehavior [ RunTime:0.000462s ]
INFO: [ template_filter ] --END-- [ RunTime:0.002045s ]
NOTIC: [8] Undefined variable: user D:\MyProject\XX_FamilyNurse\Application\Runtime\Cache\Home\2a94b8bda04ff446dcedd42276fc99ee.php 第 124 行.
NOTIC: [8] Undefined variable: user D:\MyProject\XX_FamilyNurse\Application\Runtime\Cache\Home\2a94b8bda04ff446dcedd42276fc99ee.php 第 141 行.
NOTIC: [8] Undefined variable: user D:\MyProject\XX_FamilyNurse\Application\Runtime\Cache\Home\2a94b8bda04ff446dcedd42276fc99ee.php 第 161 行.
NOTIC: [8] Undefined variable: user D:\MyProject\XX_FamilyNurse\Application\Runtime\Cache\Home\2a94b8bda04ff446dcedd42276fc99ee.php 第 184 行.
NOTIC: [8] Undefined variable: user D:\MyProject\XX_FamilyNurse\Application\Runtime\Cache\Home\2a94b8bda04ff446dcedd42276fc99ee.php 第 185 行.
NOTIC: [8] Undefined variable: user D:\MyProject\XX_FamilyNurse\Application\Runtime\Cache\Home\2a94b8bda04ff446dcedd42276fc99ee.php 第 189 行.
NOTIC: [8] Undefined variable: user D:\MyProject\XX_FamilyNurse\Application\Runtime\Cache\Home\2a94b8bda04ff446dcedd42276fc99ee.php 第 190 行.
INFO: Run Behavior\ParseTemplateBehavior [ RunTime:0.076329s ]
INFO: [ view_parse ] --END-- [ RunTime:0.077495s ]
INFO: [ view_filter ] --START--
INFO: Run Behavior\WriteHtmlCacheBehavior [ RunTime:0.001358s ]
INFO: [ view_filter ] --END-- [ RunTime:0.003736s ]
INFO: [ app_end ] --START--
INFO: Run Behavior\ShowPageTraceBehavior [ RunTime:0.001726s ]
INFO: [ app_end ] --END-- [ RunTime:0.003367s ]

[ 2019-11-04T08:42:38+08:00 ] 127.0.0.1 /index.php/Home/Index/index
INFO: [ app_init ] --START--
INFO: Run Behavior\BuildLiteBehavior [ RunTime:0.000339s ]
INFO: [ app_init ] --END-- [ RunTime:0.002491s ]
INFO: [ app_begin ] --START--
INFO: Run Behavior\ReadHtmlCacheBehavior [ RunTime:0.001496s ]
INFO: [ app_begin ] --END-- [ RunTime:0.003100s ]
NOTIC: [8] Undefined index: role D:\MyProject\XX_FamilyNurse\Application\Home\Controller\IndexController.class.php 第 6 行.
INFO: [ view_parse ] --START--
INFO: [ template_filter ] --START--
INFO: Run Behavior\ContentReplaceBehavior [ RunTime:0.000855s ]
INFO: [ template_filter ] --END-- [ RunTime:0.002358s ]
NOTIC: [8] Undefined variable: user D:\MyProject\XX_FamilyNurse\Application\Runtime\Cache\Home\2a94b8bda04ff446dcedd42276fc99ee.php 第 124 行.
NOTIC: [8] Undefined variable: user D:\MyProject\XX_FamilyNurse\Application\Runtime\Cache\Home\2a94b8bda04ff446dcedd42276fc99ee.php 第 141 行.
NOTIC: [8] Undefined variable: user D:\MyProject\XX_FamilyNurse\Application\Runtime\Cache\Home\2a94b8bda04ff446dcedd42276fc99ee.php 第 161 行.
NOTIC: [8] Undefined variable: user D:\MyProject\XX_FamilyNurse\Application\Runtime\Cache\Home\2a94b8bda04ff446dcedd42276fc99ee.php 第 184 行.
NOTIC: [8] Undefined variable: user D:\MyProject\XX_FamilyNurse\Application\Runtime\Cache\Home\2a94b8bda04ff446dcedd42276fc99ee.php 第 185 行.
NOTIC: [8] Undefined variable: user D:\MyProject\XX_FamilyNurse\Application\Runtime\Cache\Home\2a94b8bda04ff446dcedd42276fc99ee.php 第 189 行.
NOTIC: [8] Undefined variable: user D:\MyProject\XX_FamilyNurse\Application\Runtime\Cache\Home\2a94b8bda04ff446dcedd42276fc99ee.php 第 190 行.
INFO: Run Behavior\ParseTemplateBehavior [ RunTime:0.091592s ]
INFO: [ view_parse ] --END-- [ RunTime:0.093346s ]
INFO: [ view_filter ] --START--
INFO: Run Behavior\WriteHtmlCacheBehavior [ RunTime:0.001360s ]
INFO: [ view_filter ] --END-- [ RunTime:0.003235s ]
INFO: [ app_end ] --START--
INFO: Run Behavior\ShowPageTraceBehavior [ RunTime:0.001850s ]
INFO: [ app_end ] --END-- [ RunTime:0.003309s ]

[ 2019-11-04T08:44:22+08:00 ] 127.0.0.1 /index.php/Home/Index/index
INFO: [ app_init ] --START--
INFO: Run Behavior\BuildLiteBehavior [ RunTime:0.000478s ]
INFO: [ app_init ] --END-- [ RunTime:0.004250s ]
INFO: [ app_begin ] --START--
INFO: Run Behavior\ReadHtmlCacheBehavior [ RunTime:0.002864s ]
INFO: [ app_begin ] --END-- [ RunTime:0.004939s ]
NOTIC: [8] Undefined index: role D:\MyProject\XX_FamilyNurse\Application\Home\Controller\IndexController.class.php 第 6 行.
INFO: [ view_parse ] --START--
INFO: [ template_filter ] --START--
INFO: Run Behavior\ContentReplaceBehavior [ RunTime:0.001019s ]
INFO: [ template_filter ] --END-- [ RunTime:0.003324s ]
NOTIC: [8] Undefined variable: user D:\MyProject\XX_FamilyNurse\Application\Runtime\Cache\Home\2a94b8bda04ff446dcedd42276fc99ee.php 第 124 行.
NOTIC: [8] Undefined variable: user D:\MyProject\XX_FamilyNurse\Application\Runtime\Cache\Home\2a94b8bda04ff446dcedd42276fc99ee.php 第 141 行.
NOTIC: [8] Undefined variable: user D:\MyProject\XX_FamilyNurse\Application\Runtime\Cache\Home\2a94b8bda04ff446dcedd42276fc99ee.php 第 161 行.
NOTIC: [8] Undefined variable: user D:\MyProject\XX_FamilyNurse\Application\Runtime\Cache\Home\2a94b8bda04ff446dcedd42276fc99ee.php 第 184 行.
NOTIC: [8] Undefined variable: user D:\MyProject\XX_FamilyNurse\Application\Runtime\Cache\Home\2a94b8bda04ff446dcedd42276fc99ee.php 第 185 行.
NOTIC: [8] Undefined variable: user D:\MyProject\XX_FamilyNurse\Application\Runtime\Cache\Home\2a94b8bda04ff446dcedd42276fc99ee.php 第 189 行.
NOTIC: [8] Undefined variable: user D:\MyProject\XX_FamilyNurse\Application\Runtime\Cache\Home\2a94b8bda04ff446dcedd42276fc99ee.php 第 190 行.
INFO: Run Behavior\ParseTemplateBehavior [ RunTime:0.100405s ]
INFO: [ view_parse ] --END-- [ RunTime:0.102093s ]
INFO: [ view_filter ] --START--
INFO: Run Behavior\WriteHtmlCacheBehavior [ RunTime:0.001241s ]
INFO: [ view_filter ] --END-- [ RunTime:0.002678s ]
INFO: [ app_end ] --START--
INFO: Run Behavior\ShowPageTraceBehavior [ RunTime:0.001995s ]
INFO: [ app_end ] --END-- [ RunTime:0.004007s ]

[ 2019-11-04T08:44:24+08:00 ] 127.0.0.1 /index.php/Home/Index/index
INFO: [ app_init ] --START--
INFO: Run Behavior\BuildLiteBehavior [ RunTime:0.000931s ]
INFO: [ app_init ] --END-- [ RunTime:0.005432s ]
INFO: [ app_begin ] --START--
INFO: Run Behavior\ReadHtmlCacheBehavior [ RunTime:0.003553s ]
INFO: [ app_begin ] --END-- [ RunTime:0.006854s ]
NOTIC: [8] Undefined index: role D:\MyProject\XX_FamilyNurse\Application\Home\Controller\IndexController.class.php 第 6 行.
INFO: [ view_parse ] --START--
INFO: [ template_filter ] --START--
INFO: Run Behavior\ContentReplaceBehavior [ RunTime:0.002033s ]
INFO: [ template_filter ] --END-- [ RunTime:0.005305s ]
NOTIC: [8] Undefined variable: user D:\MyProject\XX_FamilyNurse\Application\Runtime\Cache\Home\2a94b8bda04ff446dcedd42276fc99ee.php 第 124 行.
NOTIC: [8] Undefined variable: user D:\MyProject\XX_FamilyNurse\Application\Runtime\Cache\Home\2a94b8bda04ff446dcedd42276fc99ee.php 第 141 行.
NOTIC: [8] Undefined variable: user D:\MyProject\XX_FamilyNurse\Application\Runtime\Cache\Home\2a94b8bda04ff446dcedd42276fc99ee.php 第 161 行.
NOTIC: [8] Undefined variable: user D:\MyProject\XX_FamilyNurse\Application\Runtime\Cache\Home\2a94b8bda04ff446dcedd42276fc99ee.php 第 184 行.
NOTIC: [8] Undefined variable: user D:\MyProject\XX_FamilyNurse\Application\Runtime\Cache\Home\2a94b8bda04ff446dcedd42276fc99ee.php 第 185 行.
NOTIC: [8] Undefined variable: user D:\MyProject\XX_FamilyNurse\Application\Runtime\Cache\Home\2a94b8bda04ff446dcedd42276fc99ee.php 第 189 行.
NOTIC: [8] Undefined variable: user D:\MyProject\XX_FamilyNurse\Application\Runtime\Cache\Home\2a94b8bda04ff446dcedd42276fc99ee.php 第 190 行.
INFO: Run Behavior\ParseTemplateBehavior [ RunTime:0.175455s ]
INFO: [ view_parse ] --END-- [ RunTime:0.178958s ]
INFO: [ view_filter ] --START--
INFO: Run Behavior\WriteHtmlCacheBehavior [ RunTime:0.001928s ]
INFO: [ view_filter ] --END-- [ RunTime:0.004609s ]
INFO: [ app_end ] --START--
INFO: Run Behavior\ShowPageTraceBehavior [ RunTime:0.003763s ]
INFO: [ app_end ] --END-- [ RunTime:0.006283s ]

[ 2019-11-04T08:45:37+08:00 ] 127.0.0.1 /index.php/Home/Index/index
INFO: [ app_init ] --START--
INFO: Run Behavior\BuildLiteBehavior [ RunTime:0.000247s ]
INFO: [ app_init ] --END-- [ RunTime:0.001868s ]
INFO: [ app_begin ] --START--
INFO: Run Behavior\ReadHtmlCacheBehavior [ RunTime:0.001103s ]
INFO: [ app_begin ] --END-- [ RunTime:0.002122s ]
NOTIC: [8] Undefined index: role D:\MyProject\XX_FamilyNurse\Application\Home\Controller\IndexController.class.php 第 6 行.
INFO: [ view_parse ] --START--
INFO: [ template_filter ] --START--
INFO: Run Behavior\ContentReplaceBehavior [ RunTime:0.000506s ]
INFO: [ template_filter ] --END-- [ RunTime:0.001535s ]
NOTIC: [8] Undefined variable: user D:\MyProject\XX_FamilyNurse\Application\Runtime\Cache\Home\2a94b8bda04ff446dcedd42276fc99ee.php 第 124 行.
NOTIC: [8] Undefined variable: user D:\MyProject\XX_FamilyNurse\Application\Runtime\Cache\Home\2a94b8bda04ff446dcedd42276fc99ee.php 第 141 行.
NOTIC: [8] Undefined variable: user D:\MyProject\XX_FamilyNurse\Application\Runtime\Cache\Home\2a94b8bda04ff446dcedd42276fc99ee.php 第 161 行.
NOTIC: [8] Undefined variable: user D:\MyProject\XX_FamilyNurse\Application\Runtime\Cache\Home\2a94b8bda04ff446dcedd42276fc99ee.php 第 184 行.
NOTIC: [8] Undefined variable: user D:\MyProject\XX_FamilyNurse\Application\Runtime\Cache\Home\2a94b8bda04ff446dcedd42276fc99ee.php 第 185 行.
NOTIC: [8] Undefined variable: user D:\MyProject\XX_FamilyNurse\Application\Runtime\Cache\Home\2a94b8bda04ff446dcedd42276fc99ee.php 第 189 行.
NOTIC: [8] Undefined variable: user D:\MyProject\XX_FamilyNurse\Application\Runtime\Cache\Home\2a94b8bda04ff446dcedd42276fc99ee.php 第 190 行.
INFO: Run Behavior\ParseTemplateBehavior [ RunTime:0.055846s ]
INFO: [ view_parse ] --END-- [ RunTime:0.056889s ]
INFO: [ view_filter ] --START--
INFO: Run Behavior\WriteHtmlCacheBehavior [ RunTime:0.000984s ]
INFO: [ view_filter ] --END-- [ RunTime:0.002198s ]
INFO: [ app_end ] --START--
INFO: Run Behavior\ShowPageTraceBehavior [ RunTime:0.001366s ]
INFO: [ app_end ] --END-- [ RunTime:0.002363s ]

[ 2019-11-04T08:49:28+08:00 ] 127.0.0.1 /index.php/Home/Index/index
INFO: [ app_init ] --START--
INFO: Run Behavior\BuildLiteBehavior [ RunTime:0.000765s ]
INFO: [ app_init ] --END-- [ RunTime:0.007493s ]
INFO: [ app_begin ] --START--
INFO: Run Behavior\ReadHtmlCacheBehavior [ RunTime:0.003838s ]
INFO: [ app_begin ] --END-- [ RunTime:0.008083s ]
NOTIC: [8] Undefined index: role D:\MyProject\XX_FamilyNurse\Application\Home\Controller\IndexController.class.php 第 6 行.
INFO: [ view_parse ] --START--
INFO: [ template_filter ] --START--
INFO: Run Behavior\ContentReplaceBehavior [ RunTime:0.001320s ]
INFO: [ template_filter ] --END-- [ RunTime:0.003367s ]
ERR: syntax error, unexpected '>'

[ 2019-11-04T08:49:46+08:00 ] 127.0.0.1 /index.php/Home/Index/index
INFO: [ app_init ] --START--
INFO: Run Behavior\BuildLiteBehavior [ RunTime:0.000191s ]
INFO: [ app_init ] --END-- [ RunTime:0.001897s ]
INFO: [ app_begin ] --START--
INFO: Run Behavior\ReadHtmlCacheBehavior [ RunTime:0.000908s ]
INFO: [ app_begin ] --END-- [ RunTime:0.001722s ]
NOTIC: [8] Undefined index: role D:\MyProject\XX_FamilyNurse\Application\Home\Controller\IndexController.class.php 第 6 行.
INFO: [ view_parse ] --START--
INFO: [ template_filter ] --START--
INFO: Run Behavior\ContentReplaceBehavior [ RunTime:0.000431s ]
INFO: [ template_filter ] --END-- [ RunTime:0.001379s ]
ERR: syntax error, unexpected '>'

[ 2019-11-04T08:49:59+08:00 ] 127.0.0.1 /index.php/Home/Index/index
INFO: [ app_init ] --START--
INFO: Run Behavior\BuildLiteBehavior [ RunTime:0.000486s ]
INFO: [ app_init ] --END-- [ RunTime:0.003274s ]
INFO: [ app_begin ] --START--
INFO: Run Behavior\ReadHtmlCacheBehavior [ RunTime:0.001547s ]
INFO: [ app_begin ] --END-- [ RunTime:0.003305s ]
NOTIC: [8] Undefined index: role D:\MyProject\XX_FamilyNurse\Application\Home\Controller\IndexController.class.php 第 6 行.
INFO: [ view_parse ] --START--
INFO: [ template_filter ] --START--
INFO: Run Behavior\ContentReplaceBehavior [ RunTime:0.001540s ]
INFO: [ template_filter ] --END-- [ RunTime:0.007781s ]
ERR: syntax error, unexpected '>'

[ 2019-11-04T08:50:33+08:00 ] 127.0.0.1 /index.php/Home/Index/index
INFO: [ app_init ] --START--
INFO: Run Behavior\BuildLiteBehavior [ RunTime:0.000557s ]
INFO: [ app_init ] --END-- [ RunTime:0.004574s ]
INFO: [ app_begin ] --START--
INFO: Run Behavior\ReadHtmlCacheBehavior [ RunTime:0.002231s ]
INFO: [ app_begin ] --END-- [ RunTime:0.004170s ]
NOTIC: [8] Undefined index: role D:\MyProject\XX_FamilyNurse\Application\Home\Controller\IndexController.class.php 第 6 行.
INFO: [ view_parse ] --START--
INFO: [ template_filter ] --START--
INFO: Run Behavior\ContentReplaceBehavior [ RunTime:0.000649s ]
INFO: [ template_filter ] --END-- [ RunTime:0.001956s ]
ERR: syntax error, unexpected '>'

[ 2019-11-04T08:54:09+08:00 ] 127.0.0.1 /index.php/Home/Index/index
INFO: [ app_init ] --START--
INFO: Run Behavior\BuildLiteBehavior [ RunTime:0.000192s ]
INFO: [ app_init ] --END-- [ RunTime:0.001798s ]
INFO: [ app_begin ] --START--
INFO: Run Behavior\ReadHtmlCacheBehavior [ RunTime:0.000931s ]
INFO: [ app_begin ] --END-- [ RunTime:0.001743s ]
NOTIC: [8] Undefined index: role D:\MyProject\XX_FamilyNurse\Application\Home\Controller\IndexController.class.php 第 6 行.
INFO: [ view_parse ] --START--
INFO: [ template_filter ] --START--
INFO: Run Behavior\ContentReplaceBehavior [ RunTime:0.000421s ]
INFO: [ template_filter ] --END-- [ RunTime:0.001317s ]
NOTIC: [8] Undefined variable: user D:\MyProject\XX_FamilyNurse\Application\Runtime\Cache\Home\2a94b8bda04ff446dcedd42276fc99ee.php 第 126 行.
NOTIC: [8] Undefined variable: user D:\MyProject\XX_FamilyNurse\Application\Runtime\Cache\Home\2a94b8bda04ff446dcedd42276fc99ee.php 第 143 行.
NOTIC: [8] Undefined variable: user D:\MyProject\XX_FamilyNurse\Application\Runtime\Cache\Home\2a94b8bda04ff446dcedd42276fc99ee.php 第 163 行.
NOTIC: [8] Undefined variable: user D:\MyProject\XX_FamilyNurse\Application\Runtime\Cache\Home\2a94b8bda04ff446dcedd42276fc99ee.php 第 186 行.
NOTIC: [8] Undefined variable: user D:\MyProject\XX_FamilyNurse\Application\Runtime\Cache\Home\2a94b8bda04ff446dcedd42276fc99ee.php 第 187 行.
NOTIC: [8] Undefined variable: user D:\MyProject\XX_FamilyNurse\Application\Runtime\Cache\Home\2a94b8bda04ff446dcedd42276fc99ee.php 第 191 行.
NOTIC: [8] Undefined variable: user D:\MyProject\XX_FamilyNurse\Application\Runtime\Cache\Home\2a94b8bda04ff446dcedd42276fc99ee.php 第 192 行.
INFO: Run Behavior\ParseTemplateBehavior [ RunTime:0.056843s ]
INFO: [ view_parse ] --END-- [ RunTime:0.058067s ]
INFO: [ view_filter ] --START--
INFO: Run Behavior\WriteHtmlCacheBehavior [ RunTime:0.001277s ]
INFO: [ view_filter ] --END-- [ RunTime:0.002659s ]
INFO: [ app_end ] --START--
INFO: Run Behavior\ShowPageTraceBehavior [ RunTime:0.001446s ]
INFO: [ app_end ] --END-- [ RunTime:0.002850s ]

[ 2019-11-04T08:54:12+08:00 ] 127.0.0.1 /index.php/Home/Index/login.html
INFO: [ app_init ] --START--
INFO: Run Behavior\BuildLiteBehavior [ RunTime:0.000220s ]
INFO: [ app_init ] --END-- [ RunTime:0.001530s ]
INFO: [ app_begin ] --START--
INFO: Run Behavior\ReadHtmlCacheBehavior [ RunTime:0.001053s ]
INFO: [ app_begin ] --END-- [ RunTime:0.002035s ]
INFO: [ view_parse ] --START--
INFO: [ template_filter ] --START--
INFO: Run Behavior\ContentReplaceBehavior [ RunTime:0.000825s ]
INFO: [ template_filter ] --END-- [ RunTime:0.002199s ]
INFO: Run Behavior\ParseTemplateBehavior [ RunTime:0.018737s ]
INFO: [ view_parse ] --END-- [ RunTime:0.019810s ]
INFO: [ view_filter ] --START--
INFO: Run Behavior\WriteHtmlCacheBehavior [ RunTime:0.000799s ]
INFO: [ view_filter ] --END-- [ RunTime:0.001807s ]
INFO: [ app_end ] --START--
INFO: Run Behavior\ShowPageTraceBehavior [ RunTime:0.000992s ]
INFO: [ app_end ] --END-- [ RunTime:0.001923s ]

