[ 2019-11-04T08:38:35+08:00 ] 127.0.0.1 /index.php/Admin/Index/index
INFO: [ app_init ] --START--
INFO: Run Behavior\BuildLiteBehavior [ RunTime:0.000387s ]
INFO: [ app_init ] --END-- [ RunTime:0.004165s ]
INFO: [ app_begin ] --START--
INFO: Run Behavior\ReadHtmlCacheBehavior [ RunTime:0.002237s ]
INFO: [ app_begin ] --END-- [ RunTime:0.004551s ]
NOTIC: [8] Undefined index: role D:\MyProject\XX_FamilyNurse\Application\Admin\Controller\BaseController.class.php 第 7 行.
INFO: [ view_parse ] --START--
INFO: [ template_filter ] --START--
INFO: Run Behavior\ContentReplaceBehavior [ RunTime:0.000914s ]
INFO: [ template_filter ] --END-- [ RunTime:0.004328s ]
INFO: Run Behavior\ParseTemplateBehavior [ RunTime:0.218968s ]
INFO: [ view_parse ] --END-- [ RunTime:0.220489s ]
INFO: [ view_filter ] --START--
INFO: Run Behavior\WriteHtmlCacheBehavior [ RunTime:0.013234s ]
INFO: [ view_filter ] --END-- [ RunTime:0.014803s ]
INFO: [ app_end ] --START--
INFO: Run Behavior\ShowPageTraceBehavior [ RunTime:0.003830s ]
INFO: [ app_end ] --END-- [ RunTime:0.005578s ]

[ 2019-11-04T08:38:36+08:00 ] 127.0.0.1 /index.php/Admin/Index/welcome.html
INFO: [ app_init ] --START--
INFO: Run Behavior\BuildLiteBehavior [ RunTime:0.000459s ]
INFO: [ app_init ] --END-- [ RunTime:0.004119s ]
INFO: [ app_begin ] --START--
INFO: Run Behavior\ReadHtmlCacheBehavior [ RunTime:0.001770s ]
INFO: [ app_begin ] --END-- [ RunTime:0.003296s ]
NOTIC: [8] Undefined index: role D:\MyProject\XX_FamilyNurse\Application\Admin\Controller\BaseController.class.php 第 7 行.
INFO: [ view_parse ] --START--
INFO: [ template_filter ] --START--
INFO: Run Behavior\ContentReplaceBehavior [ RunTime:0.000989s ]
INFO: [ template_filter ] --END-- [ RunTime:0.002998s ]
INFO: Run Behavior\ParseTemplateBehavior [ RunTime:0.242646s ]
INFO: [ view_parse ] --END-- [ RunTime:0.243880s ]
INFO: [ view_filter ] --START--
INFO: Run Behavior\WriteHtmlCacheBehavior [ RunTime:0.000761s ]
INFO: [ view_filter ] --END-- [ RunTime:0.001607s ]
INFO: [ app_end ] --START--
INFO: Run Behavior\ShowPageTraceBehavior [ RunTime:0.001747s ]
INFO: [ app_end ] --END-- [ RunTime:0.003146s ]

[ 2019-11-04T08:38:36+08:00 ] 127.0.0.1 /index.php/Admin/Index/static/h-ui/css/H-ui.min.css
INFO: [ app_init ] --START--
INFO: Run Behavior\BuildLiteBehavior [ RunTime:0.000518s ]
INFO: [ app_init ] --END-- [ RunTime:0.003037s ]
INFO: [ app_begin ] --START--
INFO: Run Behavior\ReadHtmlCacheBehavior [ RunTime:0.001517s ]
INFO: [ app_begin ] --END-- [ RunTime:0.003044s ]
NOTIC: [8] Undefined index: role D:\MyProject\XX_FamilyNurse\Application\Admin\Controller\BaseController.class.php 第 7 行.
ERR: 非法操作:static

[ 2019-11-04T08:38:36+08:00 ] 127.0.0.1 /index.php/Admin/Index/static/h-ui.admin/css/H-ui.admin.css
INFO: [ app_init ] --START--
INFO: Run Behavior\BuildLiteBehavior [ RunTime:0.000384s ]
INFO: [ app_init ] --END-- [ RunTime:0.003057s ]
INFO: [ app_begin ] --START--
INFO: Run Behavior\ReadHtmlCacheBehavior [ RunTime:0.001624s ]
INFO: [ app_begin ] --END-- [ RunTime:0.003232s ]
NOTIC: [8] Undefined index: role D:\MyProject\XX_FamilyNurse\Application\Admin\Controller\BaseController.class.php 第 7 行.
ERR: 非法操作:static

[ 2019-11-04T08:38:36+08:00 ] 127.0.0.1 /index.php/Admin/Index/lib/Hui-iconfont/1.0.8/iconfont.css
INFO: [ app_init ] --START--
INFO: Run Behavior\BuildLiteBehavior [ RunTime:0.000299s ]
INFO: [ app_init ] --END-- [ RunTime:0.002469s ]
INFO: [ app_begin ] --START--
INFO: Run Behavior\ReadHtmlCacheBehavior [ RunTime:0.001219s ]
INFO: [ app_begin ] --END-- [ RunTime:0.002771s ]
NOTIC: [8] Undefined index: role D:\MyProject\XX_FamilyNurse\Application\Admin\Controller\BaseController.class.php 第 7 行.
ERR: 非法操作:lib

[ 2019-11-04T08:38:36+08:00 ] 127.0.0.1 /index.php/Admin/Index/static/h-ui.admin/skin/default/skin.css
INFO: [ app_init ] --START--
INFO: Run Behavior\BuildLiteBehavior [ RunTime:0.000350s ]
INFO: [ app_init ] --END-- [ RunTime:0.001814s ]
INFO: [ app_begin ] --START--
INFO: Run Behavior\ReadHtmlCacheBehavior [ RunTime:0.001271s ]
INFO: [ app_begin ] --END-- [ RunTime:0.002961s ]
NOTIC: [8] Undefined index: role D:\MyProject\XX_FamilyNurse\Application\Admin\Controller\BaseController.class.php 第 7 行.
ERR: 非法操作:static

[ 2019-11-04T08:38:36+08:00 ] 127.0.0.1 /index.php/Admin/Index/static/h-ui.admin/css/style.css
INFO: [ app_init ] --START--
INFO: Run Behavior\BuildLiteBehavior [ RunTime:0.000546s ]
INFO: [ app_init ] --END-- [ RunTime:0.002674s ]
INFO: [ app_begin ] --START--
INFO: Run Behavior\ReadHtmlCacheBehavior [ RunTime:0.002011s ]
INFO: [ app_begin ] --END-- [ RunTime:0.005434s ]
NOTIC: [8] Undefined index: role D:\MyProject\XX_FamilyNurse\Application\Admin\Controller\BaseController.class.php 第 7 行.
ERR: 非法操作:static

[ 2019-11-04T08:38:36+08:00 ] 127.0.0.1 /index.php/Admin/Index/lib/jquery/1.9.1/jquery.min.js
INFO: [ app_init ] --START--
INFO: Run Behavior\BuildLiteBehavior [ RunTime:0.000335s ]
INFO: [ app_init ] --END-- [ RunTime:0.002674s ]
INFO: [ app_begin ] --START--
INFO: Run Behavior\ReadHtmlCacheBehavior [ RunTime:0.001739s ]
INFO: [ app_begin ] --END-- [ RunTime:0.003375s ]
NOTIC: [8] Undefined index: role D:\MyProject\XX_FamilyNurse\Application\Admin\Controller\BaseController.class.php 第 7 行.
ERR: 非法操作:lib

[ 2019-11-04T08:38:36+08:00 ] 127.0.0.1 /index.php/Admin/Index/static/h-ui/js/H-ui.min.js
INFO: [ app_init ] --START--
INFO: Run Behavior\BuildLiteBehavior [ RunTime:0.000762s ]
INFO: [ app_init ] --END-- [ RunTime:0.005838s ]
INFO: [ app_begin ] --START--
INFO: Run Behavior\ReadHtmlCacheBehavior [ RunTime:0.004289s ]
INFO: [ app_begin ] --END-- [ RunTime:0.008297s ]
NOTIC: [8] Undefined index: role D:\MyProject\XX_FamilyNurse\Application\Admin\Controller\BaseController.class.php 第 7 行.
ERR: 非法操作:static

